<?xml version="1.0" encoding="UTF-8"?>
<testng-results skipped="0" failed="0" ignored="0" total="2" passed="2">
  <reporter-output>
  </reporter-output>
  <suite name="Mavenjava by packages" duration-ms="32" started-at="2020-07-21T16:30:37Z" finished-at="2020-07-21T16:30:37Z">
    <groups>
    </groups>
    <test name="qaclick.Mavenjava" duration-ms="32" started-at="2020-07-21T16:30:37Z" finished-at="2020-07-21T16:30:37Z">
      <class name="qaclick.Mavenjava.RestAPITools">
        <test-method status="PASS" signature="deleteTwitter()[pri:0, instance:qaclick.Mavenjava.RestAPITools@5f341870]" name="deleteTwitter" duration-ms="16" started-at="2020-07-21T16:30:37Z" finished-at="2020-07-21T16:30:37Z">
          <reporter-output>
          </reporter-output>
        </test-method> <!-- deleteTwitter -->
        <test-method status="PASS" signature="postJIRA()[pri:0, instance:qaclick.Mavenjava.RestAPITools@5f341870]" name="postJIRA" duration-ms="0" started-at="2020-07-21T16:30:37Z" finished-at="2020-07-21T16:30:37Z">
          <reporter-output>
          </reporter-output>
        </test-method> <!-- postJIRA -->
      </class> <!-- qaclick.Mavenjava.RestAPITools -->
    </test> <!-- qaclick.Mavenjava -->
  </suite> <!-- Mavenjava by packages -->
</testng-results>
